<?xml version="1.0" encoding="UTF-8"?>
<!-- Generated by org.testng.reporters.JUnitXMLReporter -->
<testsuite ignored="0" hostname="BLR1-LHP-N71887" failures="0" tests="5" name="Test" time="43.814" errors="0" timestamp="2025-11-12T13:58:19 IST">
  <testcase classname="testcase.AutomationTests" name="test01_VerifyHomePageLoad" time="6.236"/>
  <testcase classname="testcase.AutomationTests" name="test02_SuccessfulProductSearch" time="4.908"/>
  <testcase classname="testcase.AutomationTests" name="test03_NavigateToMobilesCategory" time="7.694"/>
  <testcase classname="testcase.AutomationTests" name="test04_VerifyAccountListHoverMenu" time="2.94"/>
  <testcase classname="testcase.AutomationTests" name="test05_VerifyProductPageAndAddToCartButton" time="10.432"/>
</testsuite> <!-- Test -->
