<?xml version="1.0" encoding="UTF-8"?>
<!-- Generated by org.testng.reporters.JUnitXMLReporter -->
<testsuite ignored="0" hostname="BLR1-LHP-N71887" failures="0" tests="7" name="Amazon_NHTSA_Tests" time="46.801" errors="0" timestamp="2025-11-14T13:22:07 IST">
  <testcase classname="testcase.HondaApiTests" name="test01_getAllMakes_StatusCodeOnly" time="3.736"/>
  <testcase classname="testcase.HondaApiTests" name="test02_getPartsAsJsonAndValidateManufacturer" time="1.291"/>
  <testcase classname="testcase.AutomationTests" name="test01_VerifyHomePageLoad" time="4.36"/>
  <testcase classname="testcase.AutomationTests" name="test02_SuccessfulProductSearch" time="4.597"/>
  <testcase classname="testcase.AutomationTests" name="test03_NavigateToMobilesCategory" time="5.101"/>
  <testcase classname="testcase.AutomationTests" name="test04_VerifyAccountListHoverMenu" time="2.59"/>
  <testcase classname="testcase.AutomationTests" name="test05_VerifyProductPageAndAddToCartButton" time="12.788"/>
</testsuite> <!-- Amazon_NHTSA_Tests -->
