<?xml version="1.0" encoding="UTF-8"?>
<testsuite xmlns:xsi="http://www.w3.org/2001/XMLSchema-instance" xsi:noNamespaceSchemaLocation="https://maven.apache.org/surefire/maven-surefire-plugin/xsd/surefire-test-report-3.0.xsd" version="3.0" name="TestSuite" time="47.897" tests="7" errors="0" skipped="0" failures="0">
  <properties>
[...]
</properties>
  <testcase name="test01_getAllMakes_StatusCodeOnly" classname="testcase.HondaApiTests" time="3.736">
    <system-out><![CDATA[Extent Reports setup complete. Report will be saved to: C:\Users\sambath.n\eclipse-workspace\Eric\ericsson/reports/TestReport_20251114_132120.html
Running Test 1: Validating response code for GetAllMakes.
Successfully validated HTTP Status Code 200 (OK). The endpoint is reachable.
]]></system-out>
    <system-err><![CDATA[SLF4J: Failed to load class "org.slf4j.impl.StaticLoggerBinder".
SLF4J: Defaulting to no-operation (NOP) logger implementation
SLF4J: See http://www.slf4j.org/codes.html#StaticLoggerBinder for further details.
]]></system-err>
  </testcase>
  <testcase name="test02_getPartsAsJsonAndValidateManufacturer" classname="testcase.HondaApiTests" time="1.285">
    <system-out><![CDATA[Running Final Corrected Test 2: Getting Parts in JSON format and validating manufacturer 'HONDA'.
Successfully validated Parts data request in JSON format and confirmed manufacturer 'HONDA' presence in SearchCriteria and Results.
]]></system-out>
  </testcase>
  <testcase name="test01_VerifyHomePageLoad" classname="testcase.AutomationTests" time="4.366">
    <system-out><![CDATA[WebDriver initialized for: Firefox Browser
Running Scenario 1: Verifying Home Page Load and Title.
Successfully verified home page title: Online Shopping site in India: Shop Online for Mobiles, Books, Watches, Shoes and More - Amazon.in
]]></system-out>
  </testcase>
  <testcase name="test02_SuccessfulProductSearch" classname="testcase.AutomationTests" time="4.582">
    <system-out><![CDATA[Running Scenario 2: Performing Successful Product Search.
Successfully verified search for 'wireless keyboard'.
]]></system-out>
  </testcase>
  <testcase name="test03_NavigateToMobilesCategory" classname="testcase.AutomationTests" time="5.099">
    <system-out><![CDATA[Running Scenario 3: Navigating to Mobiles Category.
Successfully navigated to Mobiles page.
]]></system-out>
  </testcase>
  <testcase name="test04_VerifyAccountListHoverMenu" classname="testcase.AutomationTests" time="2.59">
    <system-out><![CDATA[Running Scenario 4: Verifying Account & Lists Hover Menu.
Successfully verified 'Sign in' button visibility in hover menu.
]]></system-out>
  </testcase>
  <testcase name="test05_VerifyProductPageAndAddToCartButton" classname="testcase.AutomationTests" time="12.789">
    <system-out><![CDATA[Running Scenario 5: Verifying Product Page and 'Add to Cart' Button (Fixed for Timeout).
Successfully navigated to product page and verified 'Add to Cart' button.
]]></system-out>
  </testcase>
</testsuite>