<?xml version="1.0" encoding="UTF-8"?>
<testng-results ignored="0" total="5" passed="5" failed="0" skipped="0">
  <reporter-output>
  </reporter-output>
  <suite started-at="2025-11-12T18:33:35 IST" name="Default suite" finished-at="2025-11-12T18:34:37 IST" duration-ms="62592">
    <groups>
    </groups>
    <test started-at="2025-11-12T18:33:35 IST" name="Default test" finished-at="2025-11-12T18:34:37 IST" duration-ms="62592">
      <class name="testcase.AutomationTests">
        <test-method is-config="true" signature="setup()[pri:0, instance:testcase.AutomationTests@75d4a5c2]" started-at="2025-11-12T18:33:35 IST" name="setup" finished-at="2025-11-12T18:33:47 IST" duration-ms="12726" status="PASS">
          <reporter-output>
          </reporter-output>
        </test-method> <!-- setup -->
        <test-method signature="test01_VerifyHomePageLoad()[pri:1, instance:testcase.AutomationTests@75d4a5c2]" started-at="2025-11-12T18:33:48 IST" name="test01_VerifyHomePageLoad" finished-at="2025-11-12T18:33:53 IST" duration-ms="5268" status="PASS">
          <reporter-output>
          </reporter-output>
        </test-method> <!-- test01_VerifyHomePageLoad -->
        <test-method signature="test02_SuccessfulProductSearch()[pri:2, instance:testcase.AutomationTests@75d4a5c2]" started-at="2025-11-12T18:33:53 IST" name="test02_SuccessfulProductSearch" finished-at="2025-11-12T18:34:04 IST" duration-ms="10723" status="PASS">
          <reporter-output>
          </reporter-output>
        </test-method> <!-- test02_SuccessfulProductSearch -->
        <test-method signature="test03_NavigateToMobilesCategory()[pri:3, instance:testcase.AutomationTests@75d4a5c2]" started-at="2025-11-12T18:34:04 IST" name="test03_NavigateToMobilesCategory" finished-at="2025-11-12T18:34:12 IST" duration-ms="7885" status="PASS">
          <reporter-output>
          </reporter-output>
        </test-method> <!-- test03_NavigateToMobilesCategory -->
        <test-method signature="test04_VerifyAccountListHoverMenu()[pri:4, instance:testcase.AutomationTests@75d4a5c2]" started-at="2025-11-12T18:34:12 IST" name="test04_VerifyAccountListHoverMenu" finished-at="2025-11-12T18:34:16 IST" duration-ms="4285" status="PASS">
          <reporter-output>
          </reporter-output>
        </test-method> <!-- test04_VerifyAccountListHoverMenu -->
        <test-method signature="test05_VerifyProductPageAndAddToCartButton()[pri:5, instance:testcase.AutomationTests@75d4a5c2]" started-at="2025-11-12T18:34:16 IST" name="test05_VerifyProductPageAndAddToCartButton" finished-at="2025-11-12T18:34:32 IST" duration-ms="15548" status="PASS">
          <reporter-output>
          </reporter-output>
        </test-method> <!-- test05_VerifyProductPageAndAddToCartButton -->
        <test-method is-config="true" signature="teardown()[pri:0, instance:testcase.AutomationTests@75d4a5c2]" started-at="2025-11-12T18:34:32 IST" name="teardown" finished-at="2025-11-12T18:34:37 IST" duration-ms="5627" status="PASS">
          <reporter-output>
          </reporter-output>
        </test-method> <!-- teardown -->
      </class> <!-- testcase.AutomationTests -->
    </test> <!-- Default test -->
  </suite> <!-- Default suite -->
</testng-results>
