<?xml version="1.0" encoding="UTF-8"?>
<!-- Generated by org.testng.reporters.JUnitReportReporter -->
<testsuite hostname="BLR1-LHP-N71887" failures="0" tests="5" name="testcase.AutomationTests" time="43.709" errors="0" timestamp="2025-11-12T18:34:38 IST" skipped="0">
  <testcase classname="testcase.AutomationTests" name="test01_VerifyHomePageLoad" time="5.268"/>
  <testcase classname="testcase.AutomationTests" name="test02_SuccessfulProductSearch" time="10.723"/>
  <testcase classname="testcase.AutomationTests" name="test03_NavigateToMobilesCategory" time="7.885"/>
  <testcase classname="testcase.AutomationTests" name="test04_VerifyAccountListHoverMenu" time="4.285"/>
  <testcase classname="testcase.AutomationTests" name="test05_VerifyProductPageAndAddToCartButton" time="15.548"/>
</testsuite> <!-- testcase.AutomationTests -->
