<?xml version="1.0" encoding="UTF-8"?>
<!-- Generated by org.testng.reporters.JUnitReportReporter -->
<testsuite hostname="BLR1-LHP-N71887" failures="0" tests="5" name="testcase.AutomationTests" time="29.436" errors="0" timestamp="2025-11-14T13:22:07 IST" skipped="0">
  <testcase classname="testcase.AutomationTests" name="test01_VerifyHomePageLoad" time="4.360"/>
  <testcase classname="testcase.AutomationTests" name="test02_SuccessfulProductSearch" time="4.597"/>
  <testcase classname="testcase.AutomationTests" name="test03_NavigateToMobilesCategory" time="5.101"/>
  <testcase classname="testcase.AutomationTests" name="test04_VerifyAccountListHoverMenu" time="2.590"/>
  <testcase classname="testcase.AutomationTests" name="test05_VerifyProductPageAndAddToCartButton" time="12.788"/>
</testsuite> <!-- testcase.AutomationTests -->
