<?xml version="1.0" encoding="UTF-8"?>
<!-- Generated by org.testng.reporters.JUnitReportReporter -->
<testsuite hostname="BLR1-LHP-N71887" failures="0" tests="2" name="testcase.HondaApiTests" time="5.027" errors="0" timestamp="2025-11-14T13:22:07 IST" skipped="0">
  <testcase classname="testcase.HondaApiTests" name="test01_getAllMakes_StatusCodeOnly" time="3.736"/>
  <testcase classname="testcase.HondaApiTests" name="test02_getPartsAsJsonAndValidateManufacturer" time="1.291"/>
</testsuite> <!-- testcase.HondaApiTests -->
